<?xml version="1.0" encoding="UTF-8"?>
<testsuite name="implementation.query.QueryPrimitiveConditionTest" tests="8" skipped="0" failures="0" errors="0" timestamp="2017-11-14T09:15:08" hostname="UNIT-422" time="0.053">
  <properties/>
  <testcase name="eq_longValue_sqlValid" classname="implementation.query.QueryPrimitiveConditionTest" time="0.0"/>
  <testcase name="inList_longValue_sqlValid" classname="implementation.query.QueryPrimitiveConditionTest" time="0.045"/>
  <testcase name="lessOrEq_longValue_sqlValid" classname="implementation.query.QueryPrimitiveConditionTest" time="0.001"/>
  <testcase name="less_longValue_sqlValid" classname="implementation.query.QueryPrimitiveConditionTest" time="0.001"/>
  <testcase name="like_stringValue_sqlValid" classname="implementation.query.QueryPrimitiveConditionTest" time="0.001"/>
  <testcase name="moreOrEq_longValue_sqlValid" classname="implementation.query.QueryPrimitiveConditionTest" time="0.001"/>
  <testcase name="more_longValue_sqlValid" classname="implementation.query.QueryPrimitiveConditionTest" time="0.002"/>
  <testcase name="regex_stringValue_sqlValid" classname="implementation.query.QueryPrimitiveConditionTest" time="0.001"/>
  <system-out><![CDATA[]]></system-out>
  <system-err><![CDATA[]]></system-err>
</testsuite>
