<?xml version="1.0" encoding="UTF-8"?>
<testsuite name="implementation.query.QueryArrayConditionTest" tests="2" skipped="0" failures="0" errors="0" timestamp="2017-11-14T09:15:08" hostname="UNIT-422" time="0.018">
  <properties/>
  <testcase name="exists_stringArray_sqlValid" classname="implementation.query.QueryArrayConditionTest" time="0.016"/>
  <testcase name="match_stringArray_sqlValid" classname="implementation.query.QueryArrayConditionTest" time="0.002"/>
  <system-out><![CDATA[]]></system-out>
  <system-err><![CDATA[]]></system-err>
</testsuite>
