<?xml version="1.0" encoding="UTF-8"?>
<testsuite name="implementation.query.QueryOperatorTest" tests="3" skipped="0" failures="0" errors="0" timestamp="2017-11-14T09:15:08" hostname="UNIT-422" time="0.005">
  <properties/>
  <testcase name="and_twoConditions_validSQL" classname="implementation.query.QueryOperatorTest" time="0.003"/>
  <testcase name="not_oneCondition_validSQL" classname="implementation.query.QueryOperatorTest" time="0.001"/>
  <testcase name="or_twoConditions_validSQL" classname="implementation.query.QueryOperatorTest" time="0.0"/>
  <system-out><![CDATA[]]></system-out>
  <system-err><![CDATA[]]></system-err>
</testsuite>
